Determining if the pthread_create exist failed with the following output:
Change Dir: /home/nvidia/Workspace/darknet_opencv4/build/CMakeFiles/CMakeTmp

Run Build Command:"/usr/bin/make" "cmTC_f90a6/fast"
/usr/bin/make -f CMakeFiles/cmTC_f90a6.dir/build.make CMakeFiles/cmTC_f90a6.dir/build
make[1]: Entering directory '/home/nvidia/Workspace/darknet_opencv4/build/CMakeFiles/CMakeTmp'
Building C object CMakeFiles/cmTC_f90a6.dir/CheckSymbolExists.c.o
/usr/bin/cc    -o CMakeFiles/cmTC_f90a6.dir/CheckSymbolExists.c.o   -c /home/nvidia/Workspace/darknet_opencv4/build/CMakeFiles/CMakeTmp/CheckSymbolExists.c
Linking C executable cmTC_f90a6
/usr/local/bin/cmake -E cmake_link_script CMakeFiles/cmTC_f90a6.dir/link.txt --verbose=1
/usr/bin/cc      -rdynamic CMakeFiles/cmTC_f90a6.dir/CheckSymbolExists.c.o  -o cmTC_f90a6 
CMakeFiles/cmTC_f90a6.dir/CheckSymbolExists.c.o: In function `main':
CheckSymbolExists.c:(.text+0x14): undefined reference to `pthread_create'
CheckSymbolExists.c:(.text+0x18): undefined reference to `pthread_create'
collect2: error: ld returned 1 exit status
CMakeFiles/cmTC_f90a6.dir/build.make:86: recipe for target 'cmTC_f90a6' failed
make[1]: *** [cmTC_f90a6] Error 1
make[1]: Leaving directory '/home/nvidia/Workspace/darknet_opencv4/build/CMakeFiles/CMakeTmp'
Makefile:121: recipe for target 'cmTC_f90a6/fast' failed
make: *** [cmTC_f90a6/fast] Error 2

File /home/nvidia/Workspace/darknet_opencv4/build/CMakeFiles/CMakeTmp/CheckSymbolExists.c:
/* */
#include <pthread.h>

int main(int argc, char** argv)
{
  (void)argv;
#ifndef pthread_create
  return ((int*)(&pthread_create))[argc];
#else
  (void)argc;
  return 0;
#endif
}

Determining if the function pthread_create exists in the pthreads failed with the following output:
Change Dir: /home/nvidia/Workspace/darknet_opencv4/build/CMakeFiles/CMakeTmp

Run Build Command:"/usr/bin/make" "cmTC_2cc6f/fast"
/usr/bin/make -f CMakeFiles/cmTC_2cc6f.dir/build.make CMakeFiles/cmTC_2cc6f.dir/build
make[1]: Entering directory '/home/nvidia/Workspace/darknet_opencv4/build/CMakeFiles/CMakeTmp'
Building C object CMakeFiles/cmTC_2cc6f.dir/CheckFunctionExists.c.o
/usr/bin/cc   -DCHECK_FUNCTION_EXISTS=pthread_create   -o CMakeFiles/cmTC_2cc6f.dir/CheckFunctionExists.c.o   -c /usr/local/share/cmake-3.12/Modules/CheckFunctionExists.c
Linking C executable cmTC_2cc6f
/usr/local/bin/cmake -E cmake_link_script CMakeFiles/cmTC_2cc6f.dir/link.txt --verbose=1
/usr/bin/cc  -DCHECK_FUNCTION_EXISTS=pthread_create    -rdynamic CMakeFiles/cmTC_2cc6f.dir/CheckFunctionExists.c.o  -o cmTC_2cc6f -lpthreads 
/usr/bin/ld: cannot find -lpthreads
collect2: error: ld returned 1 exit status
CMakeFiles/cmTC_2cc6f.dir/build.make:86: recipe for target 'cmTC_2cc6f' failed
make[1]: *** [cmTC_2cc6f] Error 1
make[1]: Leaving directory '/home/nvidia/Workspace/darknet_opencv4/build/CMakeFiles/CMakeTmp'
Makefile:121: recipe for target 'cmTC_2cc6f/fast' failed
make: *** [cmTC_2cc6f/fast] Error 2


